[10:30:35] [main/INFO]: Setting user: Player931
[10:30:42] [Client thread/INFO]: LWJGL Version: 2.9.1
[10:31:00] [Client thread/INFO]: Reloading ResourceManager: Default, FMLFileResourcePack:Forge Mod Loader, FMLFileResourcePack:Minecraft Forge, FMLFileResourcePack:Not Enough Items, FMLFileResourcePack:Hell Land, FMLFileResourcePack:DebugScreen+
[10:31:06] [Sound Library Loader/INFO]: Sound engine started
[10:31:14] [Client thread/INFO]: Created: 2048x2048 textures/blocks-atlas
[10:31:14] [Client thread/INFO]: Created: 512x256 textures/items-atlas
[10:31:15] [Client thread/INFO]: Reloading ResourceManager: Default, FMLFileResourcePack:Forge Mod Loader, FMLFileResourcePack:Minecraft Forge, FMLFileResourcePack:Not Enough Items, FMLFileResourcePack:Hell Land, FMLFileResourcePack:DebugScreen+
[10:31:18] [Client thread/INFO]: Created: 2048x2048 textures/blocks-atlas
[10:31:19] [Client thread/INFO]: Created: 512x256 textures/items-atlas
[10:31:20] [Sound Library Loader/INFO]: Sound engine started
[10:45:45] [Server thread/INFO]: Starting integrated minecraft server version 1.7.10
[10:45:45] [Server thread/INFO]: Generating keypair
[10:45:46] [Server thread/INFO]: Preparing start region for level 0
[10:45:47] [Server thread/INFO]: Preparing spawn area: 22%
[10:45:48] [Server thread/INFO]: Changing view distance to 12, from 10
[10:45:51] [Server thread/INFO]: Player931[local:E:052ea1e3] logged in with entity id 203 at (1644.0602338135632, 4.0, -62.133283390781834)
[10:45:51] [Server thread/INFO]: Player931 joined the game
[10:45:54] [Server thread/WARN]: Can't keep up! Did the system time change, or is the server overloaded? Running 3525ms behind, skipping 70 tick(s)
[10:46:07] [Server thread/INFO]: Saving and pausing game...
[10:46:07] [Server thread/INFO]: Saving chunks for level 'New World'/Overworld
[10:46:07] [Server thread/INFO]: Saving chunks for level 'New World'/Nether
[10:46:07] [Server thread/INFO]: Saving chunks for level 'New World'/The End
[10:46:19] [Client thread/INFO]: [CHAT] /testfor, /tellraw, /tell, /toggledownfall, /testforblock, /time, /tp
[10:46:19] [Client thread/INFO]: [CHAT] /testfor, /tellraw, /tell, /toggledownfall, /testforblock, /time, /tp
[10:46:20] [Client thread/INFO]: [CHAT] /testfor, /tellraw, /tell, /toggledownfall, /testforblock, /time, /tp
[10:46:20] [Client thread/INFO]: [CHAT] /testfor, /tellraw, /tell, /toggledownfall, /testforblock, /time, /tp
[10:46:21] [Client thread/INFO]: [CHAT] /testfor, /tellraw, /tell, /toggledownfall, /testforblock, /time, /tp
[10:46:21] [Client thread/INFO]: [CHAT] /testfor, /tellraw, /tell, /toggledownfall, /testforblock, /time, /tp
[10:46:26] [Server thread/INFO]: [Player931: Set the time to 1000]
[10:46:26] [Client thread/INFO]: [CHAT] Set the time to 1000
[10:46:30] [Client thread/INFO]: [CHAT] /gamemode, /gamerule
[10:46:32] [Server thread/INFO]: [Player931: Set own game mode to Survival Mode]
[10:46:32] [Client thread/INFO]: [CHAT] Your game mode has been updated
[10:46:53] [Server thread/INFO]: Player931 has just earned the achievement [Taking Inventory]
[10:46:53] [Client thread/INFO]: [CHAT] Player931 has just earned the achievement [Taking Inventory]
[10:47:15] [Server thread/INFO]: [Player931: Given [Anvil] * 64 to Player931]
[10:47:15] [Client thread/INFO]: [CHAT] Given [Anvil] * 64 to Player931
[10:53:19] [Server thread/INFO]: [Player931: Given [Bottle o' Enchanting] * 64 to Player931]
[10:53:19] [Client thread/INFO]: [CHAT] Given [Bottle o' Enchanting] * 64 to Player931
[10:53:20] [Server thread/INFO]: [Player931: Given [Bone Blade] * 64 to Player931]
[10:53:20] [Client thread/INFO]: [CHAT] Given [Bone Blade] * 64 to Player931
[10:53:20] [Server thread/INFO]: [Player931: Given [Bone Fragment] * 64 to Player931]
[10:53:20] [Client thread/INFO]: [CHAT] Given [Bone Fragment] * 64 to Player931
[10:54:06] [Server thread/INFO]: [Player931: Given [Hell CrystalL] * 64 to Player931]
[10:54:06] [Client thread/INFO]: [CHAT] Given [Hell CrystalL] * 64 to Player931
[10:54:15] [Server thread/INFO]: [Player931: Given [Bone Sword] * 1 to Player931]
[10:54:15] [Client thread/INFO]: [CHAT] Given [Bone Sword] * 1 to Player931
[10:54:22] [Server thread/INFO]: Saving and pausing game...
[10:54:22] [Server thread/INFO]: Saving chunks for level 'New World'/Overworld
[10:54:22] [Server thread/INFO]: Saving chunks for level 'New World'/Nether
[10:54:22] [Server thread/INFO]: Saving chunks for level 'New World'/The End
[10:54:22] [Server thread/INFO]: Stopping server
[10:54:22] [Server thread/INFO]: Saving players
[10:54:22] [Server thread/INFO]: Saving worlds
[10:54:22] [Server thread/INFO]: Saving chunks for level 'New World'/Overworld
[10:54:23] [Server thread/INFO]: Saving chunks for level 'New World'/Nether
[10:54:23] [Server thread/INFO]: Saving chunks for level 'New World'/The End
[10:54:24] [Client thread/INFO]: Stopping!
