[22:31:48] [main/INFO]: Setting user: Player690
[22:31:53] [Client thread/INFO]: LWJGL Version: 2.9.1
[22:32:04] [Client thread/INFO]: Reloading ResourceManager: Default, FMLFileResourcePack:Forge Mod Loader, FMLFileResourcePack:Minecraft Forge, FMLFileResourcePack:Not Enough Items, FMLFileResourcePack:Hell Land, FMLFileResourcePack:DebugScreen+
[22:32:11] [Client thread/ERROR]: Using missing texture, unable to load minecraft:textures/blocks/MISSING_ICON_BLOCK_169_Wire lvl I.png
java.io.FileNotFoundException: minecraft:textures/blocks/MISSING_ICON_BLOCK_169_Wire lvl I.png
	at net.minecraft.client.resources.FallbackResourceManager.getResource(FallbackResourceManager.java:65) ~[FallbackResourceManager.class:?]
	at net.minecraft.client.resources.SimpleReloadableResourceManager.getResource(SimpleReloadableResourceManager.java:67) ~[SimpleReloadableResourceManager.class:?]
	at net.minecraft.client.renderer.texture.TextureMap.loadTextureAtlas(TextureMap.java:126) [TextureMap.class:?]
	at net.minecraft.client.renderer.texture.TextureMap.loadTexture(TextureMap.java:91) [TextureMap.class:?]
	at net.minecraft.client.renderer.texture.TextureManager.loadTexture(TextureManager.java:89) [TextureManager.class:?]
	at net.minecraft.client.renderer.texture.TextureManager.loadTickableTexture(TextureManager.java:71) [TextureManager.class:?]
	at net.minecraft.client.renderer.texture.TextureManager.loadTextureMap(TextureManager.java:58) [TextureManager.class:?]
	at net.minecraft.client.Minecraft.startGame(Minecraft.java:582) [Minecraft.class:?]
	at net.minecraft.client.Minecraft.run(Minecraft.java:931) [Minecraft.class:?]
	at net.minecraft.client.main.Main.main(Main.java:164) [Main.class:?]
	at sun.reflect.NativeMethodAccessorImpl.invoke0(Native Method) ~[?:1.8.0_40]
	at sun.reflect.NativeMethodAccessorImpl.invoke(NativeMethodAccessorImpl.java:62) ~[?:1.8.0_40]
	at sun.reflect.DelegatingMethodAccessorImpl.invoke(DelegatingMethodAccessorImpl.java:43) ~[?:1.8.0_40]
	at java.lang.reflect.Method.invoke(Method.java:497) ~[?:1.8.0_40]
	at net.minecraft.launchwrapper.Launch.launch(Launch.java:135) [launchwrapper-1.11.jar:?]
	at net.minecraft.launchwrapper.Launch.main(Launch.java:28) [launchwrapper-1.11.jar:?]
	at net.minecraftforge.gradle.GradleStartCommon.launch(Unknown Source) [start/:?]
	at GradleStart.main(Unknown Source) [start/:?]
[22:32:11] [Client thread/INFO]: Created: 512x512 textures/blocks-atlas
[22:32:12] [Sound Library Loader/INFO]: Sound engine started
[22:32:12] [Client thread/INFO]: Created: 512x256 textures/items-atlas
[22:32:12] [Client thread/INFO]: Reloading ResourceManager: Default, FMLFileResourcePack:Forge Mod Loader, FMLFileResourcePack:Minecraft Forge, FMLFileResourcePack:Not Enough Items, FMLFileResourcePack:Hell Land, FMLFileResourcePack:DebugScreen+
[22:32:13] [Client thread/ERROR]: Using missing texture, unable to load minecraft:textures/blocks/MISSING_ICON_BLOCK_169_Wire lvl I.png
java.io.FileNotFoundException: minecraft:textures/blocks/MISSING_ICON_BLOCK_169_Wire lvl I.png
	at net.minecraft.client.resources.FallbackResourceManager.getResource(FallbackResourceManager.java:65) ~[FallbackResourceManager.class:?]
	at net.minecraft.client.resources.SimpleReloadableResourceManager.getResource(SimpleReloadableResourceManager.java:67) ~[SimpleReloadableResourceManager.class:?]
	at net.minecraft.client.renderer.texture.TextureMap.loadTextureAtlas(TextureMap.java:126) [TextureMap.class:?]
	at net.minecraft.client.renderer.texture.TextureMap.loadTexture(TextureMap.java:91) [TextureMap.class:?]
	at net.minecraft.client.renderer.texture.TextureManager.loadTexture(TextureManager.java:89) [TextureManager.class:?]
	at net.minecraft.client.renderer.texture.TextureManager.onResourceManagerReload(TextureManager.java:170) [TextureManager.class:?]
	at net.minecraft.client.resources.SimpleReloadableResourceManager.notifyReloadListeners(SimpleReloadableResourceManager.java:134) [SimpleReloadableResourceManager.class:?]
	at net.minecraft.client.resources.SimpleReloadableResourceManager.reloadResources(SimpleReloadableResourceManager.java:118) [SimpleReloadableResourceManager.class:?]
	at net.minecraft.client.Minecraft.refreshResources(Minecraft.java:643) [Minecraft.class:?]
	at cpw.mods.fml.client.FMLClientHandler.finishMinecraftLoading(FMLClientHandler.java:303) [FMLClientHandler.class:?]
	at net.minecraft.client.Minecraft.startGame(Minecraft.java:586) [Minecraft.class:?]
	at net.minecraft.client.Minecraft.run(Minecraft.java:931) [Minecraft.class:?]
	at net.minecraft.client.main.Main.main(Main.java:164) [Main.class:?]
	at sun.reflect.NativeMethodAccessorImpl.invoke0(Native Method) ~[?:1.8.0_40]
	at sun.reflect.NativeMethodAccessorImpl.invoke(NativeMethodAccessorImpl.java:62) ~[?:1.8.0_40]
	at sun.reflect.DelegatingMethodAccessorImpl.invoke(DelegatingMethodAccessorImpl.java:43) ~[?:1.8.0_40]
	at java.lang.reflect.Method.invoke(Method.java:497) ~[?:1.8.0_40]
	at net.minecraft.launchwrapper.Launch.launch(Launch.java:135) [launchwrapper-1.11.jar:?]
	at net.minecraft.launchwrapper.Launch.main(Launch.java:28) [launchwrapper-1.11.jar:?]
	at net.minecraftforge.gradle.GradleStartCommon.launch(Unknown Source) [start/:?]
	at GradleStart.main(Unknown Source) [start/:?]
[22:32:13] [Client thread/INFO]: Created: 512x512 textures/blocks-atlas
[22:32:13] [Client thread/INFO]: Created: 512x256 textures/items-atlas
[22:32:15] [Sound Library Loader/INFO]: Sound engine started
[22:32:24] [Server thread/INFO]: Starting integrated minecraft server version 1.7.10
[22:32:24] [Server thread/INFO]: Generating keypair
[22:32:26] [Server thread/INFO]: Preparing start region for level 0
[22:32:27] [Server thread/INFO]: Preparing spawn area: 22%
[22:32:28] [Server thread/INFO]: Changing view distance to 12, from 10
[22:32:37] [Server thread/INFO]: Stopping server
[22:32:37] [Server thread/INFO]: Saving players
[22:32:37] [Server thread/INFO]: Saving worlds
[22:32:37] [Server thread/INFO]: Saving chunks for level 'New World'/Overworld
[22:32:37] [Server thread/INFO]: Saving chunks for level 'New World'/Nether
[22:32:37] [Server thread/INFO]: Saving chunks for level 'New World'/The End
[22:32:38] [Server thread/INFO]: Starting integrated minecraft server version 1.7.10
[22:32:38] [Server thread/INFO]: Generating keypair
[22:32:38] [Server thread/INFO]: Preparing start region for level 0
[22:32:39] [Server thread/INFO]: Changing view distance to 12, from 10
[22:32:40] [Server thread/INFO]: Player690[local:E:e47151d2] logged in with entity id 415 at (1658.5, 4.0, -65.5)
[22:32:40] [Server thread/INFO]: Player690 joined the game
[22:33:05] [Server thread/INFO]: Player690 has just earned the achievement [Taking Inventory]
[22:33:06] [Client thread/INFO]: [CHAT] Player690 has just earned the achievement [Taking Inventory]
[22:35:55] [Server thread/INFO]: Saving and pausing game...
[22:35:55] [Server thread/INFO]: Saving chunks for level 'New World'/Overworld
[22:35:56] [Server thread/INFO]: Saving chunks for level 'New World'/Nether
[22:35:56] [Server thread/INFO]: Saving chunks for level 'New World'/The End
[22:35:56] [Server thread/INFO]: Stopping server
[22:35:56] [Server thread/INFO]: Saving players
[22:35:56] [Server thread/INFO]: Saving worlds
[22:35:56] [Server thread/INFO]: Saving chunks for level 'New World'/Overworld
[22:35:56] [Server thread/INFO]: Saving chunks for level 'New World'/Nether
[22:35:56] [Server thread/INFO]: Saving chunks for level 'New World'/The End
[22:39:40] [main/INFO]: Setting user: Player688
[22:39:45] [Client thread/INFO]: LWJGL Version: 2.9.1
[22:40:01] [Client thread/INFO]: Reloading ResourceManager: Default, FMLFileResourcePack:Forge Mod Loader, FMLFileResourcePack:Minecraft Forge, FMLFileResourcePack:Not Enough Items, FMLFileResourcePack:Hell Land, FMLFileResourcePack:DebugScreen+
[22:40:06] [Sound Library Loader/INFO]: Sound engine started
[22:40:09] [Client thread/INFO]: Created: 512x512 textures/blocks-atlas
[22:40:09] [Client thread/INFO]: Created: 512x256 textures/items-atlas
[22:40:10] [Client thread/INFO]: Reloading ResourceManager: Default, FMLFileResourcePack:Forge Mod Loader, FMLFileResourcePack:Minecraft Forge, FMLFileResourcePack:Not Enough Items, FMLFileResourcePack:Hell Land, FMLFileResourcePack:DebugScreen+
[22:40:11] [Client thread/INFO]: Created: 512x512 textures/blocks-atlas
[22:40:11] [Client thread/INFO]: Created: 512x256 textures/items-atlas
[22:40:13] [Sound Library Loader/INFO]: Sound engine started
[22:40:40] [Server thread/INFO]: Starting integrated minecraft server version 1.7.10
[22:40:40] [Server thread/INFO]: Generating keypair
[22:40:41] [Server thread/INFO]: Preparing start region for level 0
[22:40:42] [Server thread/INFO]: Preparing spawn area: 32%
[22:40:44] [Server thread/INFO]: Changing view distance to 12, from 10
[22:40:53] [Server thread/INFO]: Stopping server
[22:40:53] [Server thread/INFO]: Saving players
[22:40:53] [Server thread/INFO]: Saving worlds
[22:40:53] [Server thread/INFO]: Saving chunks for level 'New World'/Overworld
[22:40:54] [Server thread/INFO]: Saving chunks for level 'New World'/Nether
[22:40:54] [Server thread/INFO]: Saving chunks for level 'New World'/The End
[22:40:55] [Server thread/INFO]: Starting integrated minecraft server version 1.7.10
[22:40:55] [Server thread/INFO]: Generating keypair
[22:40:55] [Server thread/INFO]: Preparing start region for level 0
[22:40:56] [Server thread/INFO]: Changing view distance to 12, from 10
[22:40:57] [Server thread/INFO]: Player688[local:E:4b042ebc] logged in with entity id 393 at (1657.5, 4.0, -68.5)
[22:40:57] [Server thread/INFO]: Player688 joined the game
[22:41:03] [Server thread/WARN]: Can't keep up! Did the system time change, or is the server overloaded? Running 2486ms behind, skipping 49 tick(s)
[22:41:17] [Server thread/INFO]: Player688 has just earned the achievement [Taking Inventory]
[22:41:17] [Client thread/INFO]: [CHAT] Player688 has just earned the achievement [Taking Inventory]
[22:41:55] [Server thread/INFO]: Saving and pausing game...
[22:41:55] [Server thread/INFO]: Saving chunks for level 'New World'/Overworld
[22:41:55] [Server thread/INFO]: Saving chunks for level 'New World'/Nether
[22:41:55] [Server thread/INFO]: Saving chunks for level 'New World'/The End
[22:41:56] [Server thread/INFO]: Stopping server
[22:41:56] [Server thread/INFO]: Saving players
[22:41:56] [Server thread/INFO]: Saving worlds
[22:41:56] [Server thread/INFO]: Saving chunks for level 'New World'/Overworld
[22:41:56] [Server thread/INFO]: Saving chunks for level 'New World'/Nether
[22:41:56] [Server thread/INFO]: Saving chunks for level 'New World'/The End
[22:41:58] [Client thread/INFO]: Stopping!
